<?xml version="1.0" encoding="UTF-8"?>
<robot generator="Robot 4.1.3 (Python 3.10.2 on darwin)" generated="20220529 19:46:28.266" rpa="false" schemaversion="2">
<suite id="s1" name="Robot-framework-Tests-Using-Official-Docker" source="/Users/dev/Robot-framework-Tests-Using-Official-Docker">
<suite id="s1-s1" name="Tests" source="/Users/dev/Robot-framework-Tests-Using-Official-Docker/Tests">
<suite id="s1-s1-s1" name="HomePage" source="/Users/dev/Robot-framework-Tests-Using-Official-Docker/Tests/HomePage">
<suite id="s1-s1-s1-s1" name="functionalTests" source="/Users/dev/Robot-framework-Tests-Using-Official-Docker/Tests/HomePage/functionalTests.robot">
<test id="s1-s1-s1-s1-t1" name="Go to Contact page">
<kw name="Go To Website" library="openCloseBrowser">
<kw name="Open Browser" library="SeleniumLibrary">
<arg>https://www.demoblaze.com/</arg>
<arg>firefox</arg>
<doc>Opens a new browser instance to the optional ``url``.</doc>
<msg timestamp="20220529 19:46:28.350" level="INFO">Opening browser 'firefox' to base url 'https://www.demoblaze.com/'.</msg>
<msg timestamp="20220529 19:46:28.351" level="INFO">Firefox driver log is always forced to to: /Users/dev/Robot-framework-Tests-Using-Official-Docker/geckodriver-49.log</msg>
<status status="PASS" starttime="20220529 19:46:28.350" endtime="20220529 19:46:32.041"/>
</kw>
<status status="PASS" starttime="20220529 19:46:28.350" endtime="20220529 19:46:32.041"/>
</kw>
<kw name="Wait Until Element Is Enabled" library="SeleniumLibrary">
<arg>${contactElement}</arg>
<doc>Waits until the element ``locator`` is enabled.</doc>
<status status="PASS" starttime="20220529 19:46:32.041" endtime="20220529 19:46:32.080"/>
</kw>
<kw name="Click Link" library="SeleniumLibrary">
<arg>${contactElement}</arg>
<doc>Clicks a link identified by ``locator``.</doc>
<msg timestamp="20220529 19:46:32.080" level="INFO">Clicking link '//a[contains(text(), 'Contact')]'.</msg>
<status status="PASS" starttime="20220529 19:46:32.080" endtime="20220529 19:46:32.316"/>
</kw>
<kw name="Page Should Contain" library="SeleniumLibrary">
<arg>New message</arg>
<doc>Verifies that current page contains ``text``.</doc>
<msg timestamp="20220529 19:46:32.373" level="INFO">Current page contains text 'New message'.</msg>
<status status="PASS" starttime="20220529 19:46:32.316" endtime="20220529 19:46:32.373"/>
</kw>
<kw name="Close Browser" library="SeleniumLibrary">
<doc>Closes the current browser.</doc>
<status status="PASS" starttime="20220529 19:46:32.373" endtime="20220529 19:46:32.736"/>
</kw>
<tag>contactPage</tag>
<status status="PASS" starttime="20220529 19:46:28.349" endtime="20220529 19:46:32.736"/>
</test>
<test id="s1-s1-s1-s1-t2" name="Submit Contact form">
<kw name="Go To Website" library="openCloseBrowser">
<kw name="Open Browser" library="SeleniumLibrary">
<arg>https://www.demoblaze.com/</arg>
<arg>firefox</arg>
<doc>Opens a new browser instance to the optional ``url``.</doc>
<msg timestamp="20220529 19:46:32.737" level="INFO">Opening browser 'firefox' to base url 'https://www.demoblaze.com/'.</msg>
<msg timestamp="20220529 19:46:32.737" level="INFO">Firefox driver log is always forced to to: /Users/dev/Robot-framework-Tests-Using-Official-Docker/geckodriver-50.log</msg>
<status status="PASS" starttime="20220529 19:46:32.737" endtime="20220529 19:46:36.135"/>
</kw>
<status status="PASS" starttime="20220529 19:46:32.736" endtime="20220529 19:46:36.135"/>
</kw>
<kw name="Click Link" library="SeleniumLibrary">
<arg>${contactElement}</arg>
<doc>Clicks a link identified by ``locator``.</doc>
<msg timestamp="20220529 19:46:36.135" level="INFO">Clicking link '//a[contains(text(), 'Contact')]'.</msg>
<status status="PASS" starttime="20220529 19:46:36.135" endtime="20220529 19:46:36.384"/>
</kw>
<kw name="Wait Until Element Is Enabled" library="SeleniumLibrary">
<arg>${emailElement}</arg>
<doc>Waits until the element ``locator`` is enabled.</doc>
<status status="PASS" starttime="20220529 19:46:36.384" endtime="20220529 19:46:36.408"/>
</kw>
<kw name="Input Text" library="SeleniumLibrary">
<arg>${emailELement}</arg>
<arg>${email}</arg>
<doc>Types the given ``text`` into the text field identified by ``locator``.</doc>
<msg timestamp="20220529 19:46:36.408" level="INFO">Typing text 'sweetyp8494@gmail.com' into text field '//*[@id='recipient-email']'.</msg>
<status status="PASS" starttime="20220529 19:46:36.408" endtime="20220529 19:46:36.447"/>
</kw>
<kw name="Input Text" library="SeleniumLibrary">
<arg>${nameElement}</arg>
<arg>${name}</arg>
<doc>Types the given ``text`` into the text field identified by ``locator``.</doc>
<msg timestamp="20220529 19:46:36.448" level="INFO">Typing text 'nida' into text field '//*[@id='recipient-name']'.</msg>
<status status="PASS" starttime="20220529 19:46:36.447" endtime="20220529 19:46:36.481"/>
</kw>
<kw name="Input Text" library="SeleniumLibrary">
<arg>${descriptionElement}</arg>
<arg>${description}</arg>
<doc>Types the given ``text`` into the text field identified by ``locator``.</doc>
<msg timestamp="20220529 19:46:36.481" level="INFO">Typing text 'Test' into text field '//*[@id='message-text']'.</msg>
<status status="PASS" starttime="20220529 19:46:36.481" endtime="20220529 19:46:36.520"/>
</kw>
<kw name="Click Button" library="SeleniumLibrary">
<arg>${submitFormElement}</arg>
<doc>Clicks the button identified by ``locator``.</doc>
<msg timestamp="20220529 19:46:36.520" level="INFO">Clicking button '//*[@id='exampleModal']/div/div/div[3]/button[2]'.</msg>
<status status="PASS" starttime="20220529 19:46:36.520" endtime="20220529 19:46:36.672"/>
</kw>
<kw name="Handle Alert" library="SeleniumLibrary">
<arg>ACCEPT</arg>
<doc>Handles the current alert and returns its message.</doc>
<msg timestamp="20220529 19:46:36.672" level="INFO">HANDLE::&lt;class 'NoneType'&gt;::None</msg>
<status status="PASS" starttime="20220529 19:46:36.672" endtime="20220529 19:46:36.732"/>
</kw>
<kw name="Close Browser" library="SeleniumLibrary">
<doc>Closes the current browser.</doc>
<status status="PASS" starttime="20220529 19:46:36.732" endtime="20220529 19:46:37.131"/>
</kw>
<tag>contactForm</tag>
<status status="PASS" starttime="20220529 19:46:32.736" endtime="20220529 19:46:37.132"/>
</test>
<test id="s1-s1-s1-s1-t3" name="Go to Phone Category Page">
<kw name="Go To Website" library="openCloseBrowser">
<kw name="Open Browser" library="SeleniumLibrary">
<arg>https://www.demoblaze.com/</arg>
<arg>firefox</arg>
<doc>Opens a new browser instance to the optional ``url``.</doc>
<msg timestamp="20220529 19:46:37.132" level="INFO">Opening browser 'firefox' to base url 'https://www.demoblaze.com/'.</msg>
<msg timestamp="20220529 19:46:37.133" level="INFO">Firefox driver log is always forced to to: /Users/dev/Robot-framework-Tests-Using-Official-Docker/geckodriver-51.log</msg>
<status status="PASS" starttime="20220529 19:46:37.132" endtime="20220529 19:46:40.329"/>
</kw>
<status status="PASS" starttime="20220529 19:46:37.132" endtime="20220529 19:46:40.330"/>
</kw>
<kw name="Page Should Contain" library="SeleniumLibrary">
<arg>CATEGORIES</arg>
<doc>Verifies that current page contains ``text``.</doc>
<msg timestamp="20220529 19:46:40.358" level="INFO">Current page contains text 'CATEGORIES'.</msg>
<status status="PASS" starttime="20220529 19:46:40.330" endtime="20220529 19:46:40.358"/>
</kw>
<kw name="Click Link" library="SeleniumLibrary">
<arg>${phoneSection}</arg>
<doc>Clicks a link identified by ``locator``.</doc>
<msg timestamp="20220529 19:46:40.358" level="INFO">Clicking link '//*[@id='itemc']'.</msg>
<status status="PASS" starttime="20220529 19:46:40.358" endtime="20220529 19:46:40.447"/>
</kw>
<kw name="Wait Until Element Is Enabled" library="SeleniumLibrary">
<arg>${samsungGalaxyS6}</arg>
<doc>Waits until the element ``locator`` is enabled.</doc>
<status status="PASS" starttime="20220529 19:46:40.447" endtime="20220529 19:46:40.889"/>
</kw>
<kw name="Page Should Contain Element" library="SeleniumLibrary">
<arg>${samsungGalaxyS6}</arg>
<doc>Verifies that element ``locator`` is found on the current page.</doc>
<msg timestamp="20220529 19:46:40.892" level="INFO">Current page contains element '//*[contains(text(),'Samsung galaxy s6')]'.</msg>
<status status="PASS" starttime="20220529 19:46:40.889" endtime="20220529 19:46:40.892"/>
</kw>
<kw name="Close Browser" library="SeleniumLibrary">
<doc>Closes the current browser.</doc>
<status status="PASS" starttime="20220529 19:46:40.892" endtime="20220529 19:46:41.268"/>
</kw>
<tag>phoneCategory</tag>
<status status="PASS" starttime="20220529 19:46:37.132" endtime="20220529 19:46:41.269"/>
</test>
<test id="s1-s1-s1-s1-t4" name="Select Monitor">
<kw name="Go To Website" library="openCloseBrowser">
<kw name="Open Browser" library="SeleniumLibrary">
<arg>https://www.demoblaze.com/</arg>
<arg>firefox</arg>
<doc>Opens a new browser instance to the optional ``url``.</doc>
<msg timestamp="20220529 19:46:41.270" level="INFO">Opening browser 'firefox' to base url 'https://www.demoblaze.com/'.</msg>
<msg timestamp="20220529 19:46:41.270" level="INFO">Firefox driver log is always forced to to: /Users/dev/Robot-framework-Tests-Using-Official-Docker/geckodriver-52.log</msg>
<status status="PASS" starttime="20220529 19:46:41.270" endtime="20220529 19:46:44.409"/>
</kw>
<status status="PASS" starttime="20220529 19:46:41.270" endtime="20220529 19:46:44.409"/>
</kw>
<kw name="Wait Until Element Contains" library="SeleniumLibrary">
<arg>"(//a[normalize-space()='Monitors'])[1]"</arg>
<arg>5</arg>
<doc>Waits until the element ``locator`` contains ``text``.</doc>
<msg timestamp="20220529 19:46:49.605" level="INFO" html="true">&lt;/td&gt;&lt;/tr&gt;&lt;tr&gt;&lt;td colspan="3"&gt;&lt;a href="selenium-screenshot-10.png"&gt;&lt;img src="selenium-screenshot-10.png" width="800px"&gt;&lt;/a&gt;</msg>
<msg timestamp="20220529 19:46:49.608" level="FAIL">Element with locator '"(//a[normalize-space()='Monitors'])[1]"' not found.</msg>
<status status="FAIL" starttime="20220529 19:46:44.410" endtime="20220529 19:46:49.608"/>
</kw>
<kw name="Click Link" library="SeleniumLibrary">
<arg>"//a[normalize-space()='Monitors'])[1]"</arg>
<doc>Clicks a link identified by ``locator``.</doc>
<status status="NOT RUN" starttime="20220529 19:46:49.608" endtime="20220529 19:46:49.608"/>
</kw>
<kw name="Wait Until Element Is Enabled" library="SeleniumLibrary">
<arg>"//a[normalize-space()='Apple monitor 24']"</arg>
<doc>Waits until the element ``locator`` is enabled.</doc>
<status status="NOT RUN" starttime="20220529 19:46:49.608" endtime="20220529 19:46:49.608"/>
</kw>
<kw name="Page Should Contain Element" library="SeleniumLibrary">
<arg>"//a[normalize-space()='Apple monitor 24']"</arg>
<doc>Verifies that element ``locator`` is found on the current page.</doc>
<status status="NOT RUN" starttime="20220529 19:46:49.608" endtime="20220529 19:46:49.608"/>
</kw>
<kw name="Close Browser" library="SeleniumLibrary">
<doc>Closes the current browser.</doc>
<status status="NOT RUN" starttime="20220529 19:46:49.608" endtime="20220529 19:46:49.608"/>
</kw>
<status status="FAIL" starttime="20220529 19:46:41.269" endtime="20220529 19:46:49.608">Element with locator '"(//a[normalize-space()='Monitors'])[1]"' not found.</status>
</test>
<status status="FAIL" starttime="20220529 19:46:28.276" endtime="20220529 19:46:49.609"/>
</suite>
<status status="FAIL" starttime="20220529 19:46:28.275" endtime="20220529 19:46:49.610"/>
</suite>
<status status="FAIL" starttime="20220529 19:46:28.275" endtime="20220529 19:46:49.611"/>
</suite>
<status status="FAIL" starttime="20220529 19:46:28.266" endtime="20220529 19:46:49.612"/>
</suite>
<statistics>
<total>
<stat pass="3" fail="1" skip="0">All Tests</stat>
</total>
<tag>
<stat pass="1" fail="0" skip="0">contactForm</stat>
<stat pass="1" fail="0" skip="0">contactPage</stat>
<stat pass="1" fail="0" skip="0">phoneCategory</stat>
</tag>
<suite>
<stat pass="3" fail="1" skip="0" id="s1" name="Robot-framework-Tests-Using-Official-Docker">Robot-framework-Tests-Using-Official-Docker</stat>
<stat pass="3" fail="1" skip="0" id="s1-s1" name="Tests">Robot-framework-Tests-Using-Official-Docker.Tests</stat>
<stat pass="3" fail="1" skip="0" id="s1-s1-s1" name="HomePage">Robot-framework-Tests-Using-Official-Docker.Tests.HomePage</stat>
<stat pass="3" fail="1" skip="0" id="s1-s1-s1-s1" name="functionalTests">Robot-framework-Tests-Using-Official-Docker.Tests.HomePage.functionalTests</stat>
</suite>
</statistics>
<errors>
</errors>
</robot>
