<?xml version="1.0" encoding="UTF-8"?>
<robot generator="Robot 4.1.3 (Python 3.10.2 on darwin)" generated="20220324 16:55:59.095" rpa="false" schemaversion="2">
<suite id="s1" name="functionalTests" source="/Users/dev/PycharmProjects/AutomateMe/Tests/HomePage/functionalTests.robot">
<test id="s1-t1" name="Go to Contact page">
<kw name="Go To Website" library="openCloseBrowser">
<kw name="Open Browser" library="SeleniumLibrary">
<arg>https://www.demoblaze.com/</arg>
<arg>firefox</arg>
<doc>Opens a new browser instance to the optional ``url``.</doc>
<msg timestamp="20220324 16:55:59.202" level="INFO">Opening browser 'firefox' to base url 'https://www.demoblaze.com/'.</msg>
<msg timestamp="20220324 16:55:59.203" level="INFO">Firefox driver log is always forced to to: /Users/dev/PycharmProjects/AutomateMe/Tests/HomePage/Results/geckodriver-4.log</msg>
<status status="PASS" starttime="20220324 16:55:59.202" endtime="20220324 16:56:02.747"/>
</kw>
<status status="PASS" starttime="20220324 16:55:59.201" endtime="20220324 16:56:02.747"/>
</kw>
<kw name="Wait Until Element Is Enabled" library="SeleniumLibrary">
<arg>${contactElement}</arg>
<doc>Waits until the element ``locator`` is enabled.</doc>
<status status="PASS" starttime="20220324 16:56:02.748" endtime="20220324 16:56:02.788"/>
</kw>
<kw name="Click Link" library="SeleniumLibrary">
<arg>${contactElement}</arg>
<doc>Clicks a link identified by ``locator``.</doc>
<msg timestamp="20220324 16:56:02.789" level="INFO">Clicking link '//a[contains(text(), 'Contact')]'.</msg>
<status status="PASS" starttime="20220324 16:56:02.788" endtime="20220324 16:56:03.023"/>
</kw>
<kw name="Page Should Contain" library="SeleniumLibrary">
<arg>New message</arg>
<doc>Verifies that current page contains ``text``.</doc>
<msg timestamp="20220324 16:56:03.039" level="INFO">Current page contains text 'New message'.</msg>
<status status="PASS" starttime="20220324 16:56:03.023" endtime="20220324 16:56:03.039"/>
</kw>
<kw name="Close Browser" library="SeleniumLibrary">
<doc>Closes the current browser.</doc>
<status status="PASS" starttime="20220324 16:56:03.039" endtime="20220324 16:56:04.152"/>
</kw>
<tag>contactPage</tag>
<status status="PASS" starttime="20220324 16:55:59.201" endtime="20220324 16:56:04.153"/>
</test>
<test id="s1-t2" name="Submit Contact form">
<kw name="Go To Website" library="openCloseBrowser">
<kw name="Open Browser" library="SeleniumLibrary">
<arg>https://www.demoblaze.com/</arg>
<arg>firefox</arg>
<doc>Opens a new browser instance to the optional ``url``.</doc>
<msg timestamp="20220324 16:56:04.155" level="INFO">Opening browser 'firefox' to base url 'https://www.demoblaze.com/'.</msg>
<msg timestamp="20220324 16:56:04.156" level="INFO">Firefox driver log is always forced to to: /Users/dev/PycharmProjects/AutomateMe/Tests/HomePage/Results/geckodriver-5.log</msg>
<status status="PASS" starttime="20220324 16:56:04.154" endtime="20220324 16:56:08.078"/>
</kw>
<status status="PASS" starttime="20220324 16:56:04.154" endtime="20220324 16:56:08.079"/>
</kw>
<kw name="Click Link" library="SeleniumLibrary">
<arg>${contactElement}</arg>
<doc>Clicks a link identified by ``locator``.</doc>
<msg timestamp="20220324 16:56:08.080" level="INFO">Clicking link '//a[contains(text(), 'Contact')]'.</msg>
<status status="PASS" starttime="20220324 16:56:08.079" endtime="20220324 16:56:08.327"/>
</kw>
<kw name="Wait Until Element Is Enabled" library="SeleniumLibrary">
<arg>${emailElement}</arg>
<doc>Waits until the element ``locator`` is enabled.</doc>
<status status="PASS" starttime="20220324 16:56:08.327" endtime="20220324 16:56:08.352"/>
</kw>
<kw name="Input Text" library="SeleniumLibrary">
<arg>${emailELement}</arg>
<arg>${email}</arg>
<doc>Types the given ``text`` into the text field identified by ``locator``.</doc>
<msg timestamp="20220324 16:56:08.354" level="INFO">Typing text 'sweetyp8494@gmail.com' into text field '//*[@id='recipient-email']'.</msg>
<status status="PASS" starttime="20220324 16:56:08.353" endtime="20220324 16:56:08.394"/>
</kw>
<kw name="Input Text" library="SeleniumLibrary">
<arg>${nameElement}</arg>
<arg>${name}</arg>
<doc>Types the given ``text`` into the text field identified by ``locator``.</doc>
<msg timestamp="20220324 16:56:08.395" level="INFO">Typing text 'nida' into text field '//*[@id='recipient-name']'.</msg>
<status status="PASS" starttime="20220324 16:56:08.394" endtime="20220324 16:56:08.416"/>
</kw>
<kw name="Input Text" library="SeleniumLibrary">
<arg>${descriptionElement}</arg>
<arg>${description}</arg>
<doc>Types the given ``text`` into the text field identified by ``locator``.</doc>
<msg timestamp="20220324 16:56:08.417" level="INFO">Typing text 'Test' into text field '//*[@id='message-text']'.</msg>
<status status="PASS" starttime="20220324 16:56:08.416" endtime="20220324 16:56:08.443"/>
</kw>
<kw name="Click Button" library="SeleniumLibrary">
<arg>${submitFormElement}</arg>
<doc>Clicks the button identified by ``locator``.</doc>
<msg timestamp="20220324 16:56:08.443" level="INFO">Clicking button '//*[@id='exampleModal']/div/div/div[3]/button[2]'.</msg>
<status status="PASS" starttime="20220324 16:56:08.443" endtime="20220324 16:56:08.563"/>
</kw>
<kw name="Handle Alert" library="SeleniumLibrary">
<arg>ACCEPT</arg>
<doc>Handles the current alert and returns its message.</doc>
<msg timestamp="20220324 16:56:08.563" level="INFO">HANDLE::&lt;class 'NoneType'&gt;::None</msg>
<status status="PASS" starttime="20220324 16:56:08.563" endtime="20220324 16:56:08.591"/>
</kw>
<kw name="Close Browser" library="SeleniumLibrary">
<doc>Closes the current browser.</doc>
<status status="PASS" starttime="20220324 16:56:08.591" endtime="20220324 16:56:09.084"/>
</kw>
<tag>contactForm</tag>
<status status="PASS" starttime="20220324 16:56:04.153" endtime="20220324 16:56:09.084"/>
</test>
<test id="s1-t3" name="Go to Phone Category Page">
<kw name="Go To Website" library="openCloseBrowser">
<kw name="Open Browser" library="SeleniumLibrary">
<arg>https://www.demoblaze.com/</arg>
<arg>firefox</arg>
<doc>Opens a new browser instance to the optional ``url``.</doc>
<msg timestamp="20220324 16:56:09.086" level="INFO">Opening browser 'firefox' to base url 'https://www.demoblaze.com/'.</msg>
<msg timestamp="20220324 16:56:09.086" level="INFO">Firefox driver log is always forced to to: /Users/dev/PycharmProjects/AutomateMe/Tests/HomePage/Results/geckodriver-6.log</msg>
<status status="PASS" starttime="20220324 16:56:09.086" endtime="20220324 16:56:12.120"/>
</kw>
<status status="PASS" starttime="20220324 16:56:09.085" endtime="20220324 16:56:12.120"/>
</kw>
<kw name="Page Should Contain" library="SeleniumLibrary">
<arg>CATEGORIES</arg>
<doc>Verifies that current page contains ``text``.</doc>
<msg timestamp="20220324 16:56:12.140" level="INFO">Current page contains text 'CATEGORIES'.</msg>
<status status="PASS" starttime="20220324 16:56:12.120" endtime="20220324 16:56:12.140"/>
</kw>
<kw name="Click Link" library="SeleniumLibrary">
<arg>${phoneSection}</arg>
<doc>Clicks a link identified by ``locator``.</doc>
<msg timestamp="20220324 16:56:12.141" level="INFO">Clicking link '//*[@id='itemc']'.</msg>
<status status="PASS" starttime="20220324 16:56:12.141" endtime="20220324 16:56:12.195"/>
</kw>
<kw name="Wait Until Element Is Enabled" library="SeleniumLibrary">
<arg>${samsungGalaxyS6}</arg>
<doc>Waits until the element ``locator`` is enabled.</doc>
<status status="PASS" starttime="20220324 16:56:12.195" endtime="20220324 16:56:12.644"/>
</kw>
<kw name="Page Should Contain Element" library="SeleniumLibrary">
<arg>${samsungGalaxyS6}</arg>
<doc>Verifies that element ``locator`` is found on the current page.</doc>
<msg timestamp="20220324 16:56:12.647" level="INFO">Current page contains element '//*[contains(text(),'Samsung galaxy s6')]'.</msg>
<status status="PASS" starttime="20220324 16:56:12.644" endtime="20220324 16:56:12.647"/>
</kw>
<kw name="Close Browser" library="SeleniumLibrary">
<doc>Closes the current browser.</doc>
<status status="PASS" starttime="20220324 16:56:12.647" endtime="20220324 16:56:12.981"/>
</kw>
<tag>phoneCategory</tag>
<status status="PASS" starttime="20220324 16:56:09.085" endtime="20220324 16:56:12.981"/>
</test>
<status status="PASS" starttime="20220324 16:55:59.096" endtime="20220324 16:56:12.982"/>
</suite>
<statistics>
<total>
<stat pass="3" fail="0" skip="0">All Tests</stat>
</total>
<tag>
<stat pass="1" fail="0" skip="0">contactForm</stat>
<stat pass="1" fail="0" skip="0">contactPage</stat>
<stat pass="1" fail="0" skip="0">phoneCategory</stat>
</tag>
<suite>
<stat pass="3" fail="0" skip="0" id="s1" name="functionalTests">functionalTests</stat>
</suite>
</statistics>
<errors>
</errors>
</robot>
