<?xml version="1.0" encoding="UTF-8"?>
<robot generator="Robot 4.1 (Python 3.9.0 on linux)" generated="20220324 16:01:19.634" rpa="false" schemaversion="2">
<suite id="s1" name="Tests" source="/opt/robotframework/tests">
<suite id="s1-s1" name="functionalTests" source="/opt/robotframework/tests/functionalTests.robot">
<test id="s1-s1-t1" name="Go to Contact page">
<kw name="Go To Website" library="openCloseBrowser">
<kw name="Open Browser" library="SeleniumLibrary">
<arg>https://www.demoblaze.com/</arg>
<arg>firefox</arg>
<doc>Opens a new browser instance to the optional ``url``.</doc>
<msg timestamp="20220324 16:01:20.508" level="INFO">Opening browser 'firefox' to base url 'https://www.demoblaze.com/'.</msg>
<msg timestamp="20220324 16:01:20.516" level="INFO">Firefox driver log is always forced to to: /opt/robotframework/reports/geckodriver-5.log</msg>
<status status="PASS" starttime="20220324 16:01:20.507" endtime="20220324 16:01:41.261"/>
</kw>
<status status="PASS" starttime="20220324 16:01:20.505" endtime="20220324 16:01:41.262"/>
</kw>
<kw name="Wait Until Element Is Enabled" library="SeleniumLibrary">
<arg>${contactElement}</arg>
<doc>Waits until the element ``locator`` is enabled.</doc>
<status status="PASS" starttime="20220324 16:01:41.263" endtime="20220324 16:01:41.568"/>
</kw>
<kw name="Click Link" library="SeleniumLibrary">
<arg>${contactElement}</arg>
<doc>Clicks a link identified by ``locator``.</doc>
<msg timestamp="20220324 16:01:41.570" level="INFO">Clicking link '//a[contains(text(), 'Contact')]'.</msg>
<status status="PASS" starttime="20220324 16:01:41.569" endtime="20220324 16:01:42.899"/>
</kw>
<kw name="Page Should Contain" library="SeleniumLibrary">
<arg>New message</arg>
<doc>Verifies that current page contains ``text``.</doc>
<msg timestamp="20220324 16:01:43.482" level="INFO">Current page contains text 'New message'.</msg>
<status status="PASS" starttime="20220324 16:01:42.900" endtime="20220324 16:01:43.483"/>
</kw>
<kw name="Close Browser" library="SeleniumLibrary">
<doc>Closes the current browser.</doc>
<status status="PASS" starttime="20220324 16:01:43.484" endtime="20220324 16:01:45.717"/>
</kw>
<tag>contactPage</tag>
<status status="PASS" starttime="20220324 16:01:20.502" endtime="20220324 16:01:45.718"/>
</test>
<test id="s1-s1-t2" name="Submit Contact form">
<kw name="Go To Website" library="openCloseBrowser">
<kw name="Open Browser" library="SeleniumLibrary">
<arg>https://www.demoblaze.com/</arg>
<arg>firefox</arg>
<doc>Opens a new browser instance to the optional ``url``.</doc>
<msg timestamp="20220324 16:01:45.727" level="INFO">Opening browser 'firefox' to base url 'https://www.demoblaze.com/'.</msg>
<msg timestamp="20220324 16:01:45.731" level="INFO">Firefox driver log is always forced to to: /opt/robotframework/reports/geckodriver-6.log</msg>
<status status="PASS" starttime="20220324 16:01:45.726" endtime="20220324 16:02:05.181"/>
</kw>
<status status="PASS" starttime="20220324 16:01:45.724" endtime="20220324 16:02:05.183"/>
</kw>
<kw name="Click Link" library="SeleniumLibrary">
<arg>${contactElement}</arg>
<doc>Clicks a link identified by ``locator``.</doc>
<msg timestamp="20220324 16:02:05.212" level="INFO">Clicking link '//a[contains(text(), 'Contact')]'.</msg>
<status status="PASS" starttime="20220324 16:02:05.184" endtime="20220324 16:02:06.246"/>
</kw>
<kw name="Wait Until Element Is Enabled" library="SeleniumLibrary">
<arg>${emailElement}</arg>
<doc>Waits until the element ``locator`` is enabled.</doc>
<status status="PASS" starttime="20220324 16:02:06.246" endtime="20220324 16:02:07.071"/>
</kw>
<kw name="Input Text" library="SeleniumLibrary">
<arg>${emailELement}</arg>
<arg>${email}</arg>
<doc>Types the given ``text`` into the text field identified by ``locator``.</doc>
<msg timestamp="20220324 16:02:07.093" level="INFO">Typing text 'sweetyp8494@gmail.com' into text field '//*[@id='recipient-email']'.</msg>
<status status="PASS" starttime="20220324 16:02:07.083" endtime="20220324 16:02:08.512"/>
</kw>
<kw name="Input Text" library="SeleniumLibrary">
<arg>${nameElement}</arg>
<arg>${name}</arg>
<doc>Types the given ``text`` into the text field identified by ``locator``.</doc>
<msg timestamp="20220324 16:02:08.515" level="INFO">Typing text 'nida' into text field '//*[@id='recipient-name']'.</msg>
<status status="PASS" starttime="20220324 16:02:08.513" endtime="20220324 16:02:09.011"/>
</kw>
<kw name="Input Text" library="SeleniumLibrary">
<arg>${descriptionElement}</arg>
<arg>${description}</arg>
<doc>Types the given ``text`` into the text field identified by ``locator``.</doc>
<msg timestamp="20220324 16:02:09.014" level="INFO">Typing text 'Test' into text field '//*[@id='message-text']'.</msg>
<status status="PASS" starttime="20220324 16:02:09.012" endtime="20220324 16:02:09.183"/>
</kw>
<kw name="Click Button" library="SeleniumLibrary">
<arg>${submitFormElement}</arg>
<doc>Clicks the button identified by ``locator``.</doc>
<msg timestamp="20220324 16:02:09.185" level="INFO">Clicking button '//*[@id='exampleModal']/div/div/div[3]/button[2]'.</msg>
<status status="PASS" starttime="20220324 16:02:09.184" endtime="20220324 16:02:10.584"/>
</kw>
<kw name="Handle Alert" library="SeleniumLibrary">
<arg>ACCEPT</arg>
<doc>Handles the current alert and returns its message.</doc>
<msg timestamp="20220324 16:02:10.587" level="INFO">HANDLE::&lt;class 'NoneType'&gt;::None</msg>
<status status="PASS" starttime="20220324 16:02:10.585" endtime="20220324 16:02:11.026"/>
</kw>
<kw name="Close Browser" library="SeleniumLibrary">
<doc>Closes the current browser.</doc>
<status status="PASS" starttime="20220324 16:02:11.027" endtime="20220324 16:02:14.301"/>
</kw>
<tag>contactForm</tag>
<status status="PASS" starttime="20220324 16:01:45.721" endtime="20220324 16:02:14.302"/>
</test>
<test id="s1-s1-t3" name="Go to Phone Category Page">
<kw name="Go To Website" library="openCloseBrowser">
<kw name="Open Browser" library="SeleniumLibrary">
<arg>https://www.demoblaze.com/</arg>
<arg>firefox</arg>
<doc>Opens a new browser instance to the optional ``url``.</doc>
<msg timestamp="20220324 16:02:14.311" level="INFO">Opening browser 'firefox' to base url 'https://www.demoblaze.com/'.</msg>
<msg timestamp="20220324 16:02:14.315" level="INFO">Firefox driver log is always forced to to: /opt/robotframework/reports/geckodriver-7.log</msg>
<status status="PASS" starttime="20220324 16:02:14.310" endtime="20220324 16:02:33.817"/>
</kw>
<status status="PASS" starttime="20220324 16:02:14.308" endtime="20220324 16:02:33.818"/>
</kw>
<kw name="Page Should Contain" library="SeleniumLibrary">
<arg>CATEGORIES</arg>
<doc>Verifies that current page contains ``text``.</doc>
<msg timestamp="20220324 16:02:34.040" level="INFO">Current page contains text 'CATEGORIES'.</msg>
<status status="PASS" starttime="20220324 16:02:33.819" endtime="20220324 16:02:34.041"/>
</kw>
<kw name="Click Link" library="SeleniumLibrary">
<arg>${phoneSection}</arg>
<doc>Clicks a link identified by ``locator``.</doc>
<msg timestamp="20220324 16:02:34.043" level="INFO">Clicking link '//*[@id='itemc']'.</msg>
<status status="PASS" starttime="20220324 16:02:34.042" endtime="20220324 16:02:35.120"/>
</kw>
<kw name="Wait Until Element Is Enabled" library="SeleniumLibrary">
<arg>${samsungGalaxyS6}</arg>
<doc>Waits until the element ``locator`` is enabled.</doc>
<status status="PASS" starttime="20220324 16:02:35.121" endtime="20220324 16:02:35.649"/>
</kw>
<kw name="Page Should Contain Element" library="SeleniumLibrary">
<arg>${samsungGalaxyS6}</arg>
<doc>Verifies that element ``locator`` is found on the current page.</doc>
<msg timestamp="20220324 16:02:35.775" level="INFO">Current page contains element '//*[contains(text(),'Samsung galaxy s6')]'.</msg>
<status status="PASS" starttime="20220324 16:02:35.650" endtime="20220324 16:02:35.775"/>
</kw>
<kw name="Close Browser" library="SeleniumLibrary">
<doc>Closes the current browser.</doc>
<status status="PASS" starttime="20220324 16:02:35.776" endtime="20220324 16:02:38.890"/>
</kw>
<tag>phoneCategory</tag>
<status status="PASS" starttime="20220324 16:02:14.305" endtime="20220324 16:02:38.891"/>
</test>
<status status="PASS" starttime="20220324 16:01:19.741" endtime="20220324 16:02:38.896"/>
</suite>
<status status="PASS" starttime="20220324 16:01:19.640" endtime="20220324 16:02:38.909"/>
</suite>
<statistics>
<total>
<stat pass="3" fail="0" skip="0">All Tests</stat>
</total>
<tag>
<stat pass="1" fail="0" skip="0">contactForm</stat>
<stat pass="1" fail="0" skip="0">contactPage</stat>
<stat pass="1" fail="0" skip="0">phoneCategory</stat>
</tag>
<suite>
<stat pass="3" fail="0" skip="0" id="s1" name="Tests">Tests</stat>
<stat pass="3" fail="0" skip="0" id="s1-s1" name="functionalTests">Tests.functionalTests</stat>
</suite>
</statistics>
<errors>
</errors>
</robot>
